Using /dev/ttyUSB0 for HCI serial
Using default device address
0 0:00:00.004774| 01030c00
0 0:00:00.021936| 040E0401030C00
0 0:00:00.022012| 01f0ff06c885f4f92ae4
0 0:00:00.036238| 040E0301F0FF
0 0:00:00.036352| 01091000
0 0:00:00.052352| 040E0A01091000C885F4F92AE4
0 0:00:00.052465| 01312003000101
0 0:00:00.068337| 040E0401312000
0 0:00:00.068476| 01362019011300cd0000cd0000070000c885f4f92ae4007f0100010F00
dekra             01362019010000cd0000cd0000070000c885f4f92ae4007f0100010f00
0 0:00:00.084426| 040E050136200000
0 0:00:00.084548| 01362019020000cd0000cd0000070000c885f4f92ae4007f0100010E00
dekra             01362019021000cd0000cd0000070000c885f4f92ae4007f0100010e00
0 0:00:00.100184| 040E050136200000
0 0:00:00.100330| 0139200A01020100000002000000
dekra             0139200a01020100000002000000
0 0:00:00.116319| 040E0401392000
  0:00:00.116417| Wait 10s to transmit advertisements.
0 0:00:10.127083| 0139200A00020100000002000000
dekra             0139200a00020100000002000000
0 0:00:10.243179| 040E0401392000
0 0:00:10.243376| 013D2000
0 0:00:10.259251| 040E04013D2000
0 0:00:10.259488| 01362019011300dc0000dc0000070000c885f4f92ae4007f0100010F00
dekra             01362019011300dc0000dc0000070000c885f4f92ae4007f0100010f00
0 0:00:10.275503| 040E050136200000
0 0:00:10.276142| 01362019020000dc0000dc0000070000c885f4f92ae4007f0100010E00
dekra             01362019020000dc0000dc0000070000c885f4f92ae4007f0100010e00
0 0:00:10.291330| 040E050136200000
0 0:00:10.292030| 013720C3020301BF3030303030303030303030303030303030303030303030303030303030303030303030303030303030303030303030303030303030303030303030303030303030303030303030303030303030303030303030303030303030303030303030303030303030303030303030303030303030303030303030303030303030303030303030303030303030303030303030303030303030303030303030303030303030303030303030303030303030303030303030303030303030303030303030
dekra             013720c3020301bfa276e5b5073948a0d6bb6358c54681ded6ad924fa762ebd6a2bf07a4b3da0985a56c46b22e1c158dcbf4ddd8f87b711a10dceb8af61c24253606525b2343eb3622b6dc08eed1a9e98b5998f4f2fc10c6ca28fcad0afd80206695473191c5bb0a2d72d56bb2aaf95a6e8648ca3e81a97cc7094177d204f89f17a492aa1d6fa4a5f124549359c5e682810ef8b7bfdb41571fea5024ce0530d170c10e193957d6ba53f3d272b990453a71521a672ec6d1f020ddf962d3238750362dd9b5ea4038
0 0:00:10.323298| 040E0401372000
0 0:00:10.323625| 0139200A01020100000002000000
0 0:00:10.339026| 040E0401392000
  0:00:10.339236| Wait 10s to transmit advertisements.
0 0:00:20.349879| 0139200A00020100000002000000
dekra             0139200a01020100000002000000
0 0:00:20.464988| 040E0401392000
0 0:00:20.465249| 013D2000
0 0:00:20.481015| 040E04013D2000
